[0.000000] (-) TimerEvent: {}
[0.000218] (my_topic_package) JobQueued: {'identifier': 'my_topic_package', 'dependencies': OrderedDict()}
[0.000484] (my_topic_package) JobStarted: {'identifier': 'my_topic_package'}
[0.099915] (-) TimerEvent: {}
[0.200167] (-) TimerEvent: {}
[0.300415] (-) TimerEvent: {}
[0.400657] (-) TimerEvent: {}
[0.460608] (my_topic_package) Command: {'cmd': ['/usr/bin/python3', '-W', 'ignore:setup.py install is deprecated', '-W', 'ignore:easy_install command is deprecated', 'setup.py', 'egg_info', '--egg-base', '../build/my_topic_package', 'build', '--build-base', '/home/asdf/ros/src/build/my_topic_package/build', 'install', '--record', '/home/asdf/ros/src/build/my_topic_package/install.log', '--single-version-externally-managed', 'install_data'], 'cwd': '/home/asdf/ros/src/my_topic_package', 'env': {'ATUIN_SESSION': '0196f62677db7653973b7f9da8e93935', 'USER': 'asdf', 'XDG_SESSION_TYPE': 'wayland', 'FZF_DEFAULT_OPTS': '--layout=reverse --info=inline', 'SHLVL': '1', 'HOME': '/home/asdf', 'TERMINFO': '/usr/lib/kitty/terminfo', 'OLDPWD': '/home/asdf/ros/src/my_topic_package', 'DESKTOP_SESSION': 'ubuntu', 'KITTY_INSTALLATION_DIR': '/usr/lib/kitty', 'GNOME_SHELL_SESSION_MODE': 'ubuntu', 'GTK_MODULES': 'gail:atk-bridge', 'KITTY_PID': '10698', 'MANAGERPID': '2318', 'SYSTEMD_EXEC_PID': '2767', 'GSM_SKIP_SSH_AGENT_WORKAROUND': 'true', 'DBUS_SESSION_BUS_ADDRESS': 'unix:path=/tmp/dbus-GK6G8LhGfJ,guid=d95f221ac8c542bbd60f6047682ea166', 'COLORTERM': 'truecolor', 'GIO_LAUNCHED_DESKTOP_FILE_PID': '10698', 'GNOME_KEYRING_CONTROL': '/run/user/1000/keyring', 'DEBUGINFOD_URLS': 'https://debuginfod.ubuntu.com', 'IM_CONFIG_PHASE': '1', 'WAYLAND_DISPLAY': 'wayland-0', 'ATUIN_PREEXEC_BACKEND': '1:bash-preexec', 'LOGNAME': 'asdf', 'JOURNAL_STREAM': '9:18246', '_': '/usr/bin/colcon', 'MEMORY_PRESSURE_WATCH': '/sys/fs/cgroup/user.slice/user-1000.slice/user@1000.service/session.slice/org.gnome.SettingsDaemon.MediaKeys.service/memory.pressure', 'XDG_SESSION_CLASS': 'user', 'COLORFGBG': 'default;default', 'ATUIN_HISTORY_ID': '0196f633217e77e29dd254d4c4d12198', 'KITTY_PUBLIC_KEY': '1:?%4<g(QZuk@sriv0xRFxKfvAtJ@?Dsx#FRuZd!d`', 'USERNAME': 'asdf', 'TERM': 'xterm-256color', 'GNOME_DESKTOP_SESSION_ID': 'this-is-deprecated', 'HISTCONTROL': 'ignoredups', 'PATH': '/home/asdf/scripts:/home/asdf/.local/bin:/home/asdf/bin:/home/asdf/.cargo/bin:/home/asdf/.atuin/bin:/home/asdf/scripts:/home/asdf/.local/bin:/home/asdf/bin:/usr/local/sbin:/usr/local/bin:/usr/sbin:/usr/bin:/sbin:/bin:/usr/games:/usr/local/games:/snap/bin:/snap/bin:/var/lib/snapd/snap/bin:/var/lib/snapd/snap/bin', 'SESSION_MANAGER': 'local/asdf-HP-Laptop-14s-dy2xxx:@/tmp/.ICE-unix/2568,unix/asdf-HP-Laptop-14s-dy2xxx:/tmp/.ICE-unix/2568', '_ZO_ECHO': '1', 'INVOCATION_ID': '5fb1b713bd194e63bcfffae00eb02807', 'XDG_MENU_PREFIX': 'gnome-', '_ZO_DATA_DIR': '/home/asdf/zoxide', 'GNOME_SETUP_DISPLAY': ':1', 'XDG_RUNTIME_DIR': '/run/user/1000', 'DISPLAY': ':0', 'LANG': 'en_US.UTF-8', 'XDG_CURRENT_DESKTOP': 'ubuntu:GNOME', 'XMODIFIERS': '@im=ibus', 'XDG_SESSION_DESKTOP': 'ubuntu', 'XAUTHORITY': '/run/user/1000/.mutter-Xwaylandauth.5YWL62', 'SSH_AUTH_SOCK': '/run/user/1000/keyring/ssh', 'DBUS_SESSION_BUS_PID': '10715', 'SHELL': '/usr/bin/bash', 'QT_ACCESSIBILITY': '1', 'GDMSESSION': 'ubuntu', 'DBUS_SESSION_BUS_WINDOWID': '20971521', 'KITTY_WINDOW_ID': '1', 'CHEAT_DIR': '/home/my_cheat_sheets', 'QT_IM_MODULE': 'ibus', 'PWD': '/home/asdf/ros/src/build/my_topic_package', 'FZF_DEFAULT_COMMAND': 'ls -1', 'LC_ALL': 'en_US.UTF-8', 'XDG_CONFIG_DIRS': '/etc/xdg/xdg-ubuntu:/etc/xdg', 'XDG_DATA_DIRS': '/usr/share/ubuntu:/usr/share/gnome:/usr/local/share/:/usr/share/:/var/lib/snapd/desktop', 'FZF_DEFAULT_OPTS_FILE': '/home/asdf/.fzf-defaults', 'TZ': 'Asia/Kolkata', 'COLCON': '1', 'MEMORY_PRESSURE_WRITE': 'c29tZSAyMDAwMDAgMjAwMDAwMAA=', 'GTK_THEME': 'Adwaita:dark', 'PYTHONPATH': '/home/asdf/ros/src/build/my_topic_package/prefix_override:/usr/lib/python3/dist-packages/colcon_core/task/python/colcon_distutils_commands:/home/asdf/ros/src/install/my_topic_package/lib/python3.12/site-packages:'}, 'shell': False}
[0.500762] (-) TimerEvent: {}
[0.601161] (-) TimerEvent: {}
[0.604801] (my_topic_package) StdoutLine: {'line': b'running egg_info\n'}
[0.605195] (my_topic_package) StdoutLine: {'line': b'creating ../build/my_topic_package/my_topic_package.egg-info\n'}
[0.613913] (my_topic_package) StdoutLine: {'line': b'writing ../build/my_topic_package/my_topic_package.egg-info/PKG-INFO\n'}
[0.614119] (my_topic_package) StdoutLine: {'line': b'writing dependency_links to ../build/my_topic_package/my_topic_package.egg-info/dependency_links.txt\n'}
[0.614237] (my_topic_package) StdoutLine: {'line': b'writing entry points to ../build/my_topic_package/my_topic_package.egg-info/entry_points.txt\n'}
[0.614344] (my_topic_package) StdoutLine: {'line': b'writing requirements to ../build/my_topic_package/my_topic_package.egg-info/requires.txt\n'}
[0.614449] (my_topic_package) StdoutLine: {'line': b'writing top-level names to ../build/my_topic_package/my_topic_package.egg-info/top_level.txt\n'}
[0.614555] (my_topic_package) StdoutLine: {'line': b"writing manifest file '../build/my_topic_package/my_topic_package.egg-info/SOURCES.txt'\n"}
[0.631598] (my_topic_package) StdoutLine: {'line': b"reading manifest file '../build/my_topic_package/my_topic_package.egg-info/SOURCES.txt'\n"}
[0.632076] (my_topic_package) StdoutLine: {'line': b"writing manifest file '../build/my_topic_package/my_topic_package.egg-info/SOURCES.txt'\n"}
[0.632270] (my_topic_package) StdoutLine: {'line': b'running build\n'}
[0.632395] (my_topic_package) StdoutLine: {'line': b'running build_py\n'}
[0.632502] (my_topic_package) StdoutLine: {'line': b'creating /home/asdf/ros/src/build/my_topic_package/build\n'}
[0.632591] (my_topic_package) StdoutLine: {'line': b'creating /home/asdf/ros/src/build/my_topic_package/build/lib\n'}
[0.632698] (my_topic_package) StdoutLine: {'line': b'creating /home/asdf/ros/src/build/my_topic_package/build/lib/my_topic_package\n'}
[0.632787] (my_topic_package) StdoutLine: {'line': b'copying my_topic_package/sub.py -> /home/asdf/ros/src/build/my_topic_package/build/lib/my_topic_package\n'}
[0.632889] (my_topic_package) StdoutLine: {'line': b'copying my_topic_package/pub.py -> /home/asdf/ros/src/build/my_topic_package/build/lib/my_topic_package\n'}
[0.632976] (my_topic_package) StdoutLine: {'line': b'copying my_topic_package/__init__.py -> /home/asdf/ros/src/build/my_topic_package/build/lib/my_topic_package\n'}
[0.633083] (my_topic_package) StdoutLine: {'line': b'running install\n'}
[0.638017] (my_topic_package) StdoutLine: {'line': b'running install_lib\n'}
[0.646405] (my_topic_package) StdoutLine: {'line': b'creating /home/asdf/ros/src/install/my_topic_package/lib/python3.12/site-packages/my_topic_package\n'}
[0.646539] (my_topic_package) StdoutLine: {'line': b'copying /home/asdf/ros/src/build/my_topic_package/build/lib/my_topic_package/sub.py -> /home/asdf/ros/src/install/my_topic_package/lib/python3.12/site-packages/my_topic_package\n'}
[0.646634] (my_topic_package) StdoutLine: {'line': b'copying /home/asdf/ros/src/build/my_topic_package/build/lib/my_topic_package/pub.py -> /home/asdf/ros/src/install/my_topic_package/lib/python3.12/site-packages/my_topic_package\n'}
[0.646737] (my_topic_package) StdoutLine: {'line': b'copying /home/asdf/ros/src/build/my_topic_package/build/lib/my_topic_package/__init__.py -> /home/asdf/ros/src/install/my_topic_package/lib/python3.12/site-packages/my_topic_package\n'}
[0.647068] (my_topic_package) StdoutLine: {'line': b'byte-compiling /home/asdf/ros/src/install/my_topic_package/lib/python3.12/site-packages/my_topic_package/sub.py to sub.cpython-312.pyc\n'}
[0.647483] (my_topic_package) StdoutLine: {'line': b'byte-compiling /home/asdf/ros/src/install/my_topic_package/lib/python3.12/site-packages/my_topic_package/pub.py to pub.cpython-312.pyc\n'}
[0.647870] (my_topic_package) StdoutLine: {'line': b'byte-compiling /home/asdf/ros/src/install/my_topic_package/lib/python3.12/site-packages/my_topic_package/__init__.py to __init__.cpython-312.pyc\n'}
[0.647988] (my_topic_package) StdoutLine: {'line': b'running install_data\n'}
[0.648108] (my_topic_package) StdoutLine: {'line': b'creating /home/asdf/ros/src/install/my_topic_package/share/ament_index\n'}
[0.648209] (my_topic_package) StdoutLine: {'line': b'creating /home/asdf/ros/src/install/my_topic_package/share/ament_index/resource_index\n'}
[0.648314] (my_topic_package) StdoutLine: {'line': b'creating /home/asdf/ros/src/install/my_topic_package/share/ament_index/resource_index/packages\n'}
[0.648402] (my_topic_package) StdoutLine: {'line': b'copying resource/my_topic_package -> /home/asdf/ros/src/install/my_topic_package/share/ament_index/resource_index/packages\n'}
[0.648503] (my_topic_package) StdoutLine: {'line': b'copying package.xml -> /home/asdf/ros/src/install/my_topic_package/share/my_topic_package\n'}
[0.648588] (my_topic_package) StdoutLine: {'line': b'running install_egg_info\n'}
[0.657924] (my_topic_package) StdoutLine: {'line': b'Copying ../build/my_topic_package/my_topic_package.egg-info to /home/asdf/ros/src/install/my_topic_package/lib/python3.12/site-packages/my_topic_package-0.0.0-py3.12.egg-info\n'}
[0.658513] (my_topic_package) StdoutLine: {'line': b'running install_scripts\n'}
[0.701339] (-) TimerEvent: {}
[0.725104] (my_topic_package) StdoutLine: {'line': b'Installing publisher script to /home/asdf/ros/src/install/my_topic_package/lib/my_topic_package\n'}
[0.725268] (my_topic_package) StdoutLine: {'line': b'Installing subscriber script to /home/asdf/ros/src/install/my_topic_package/lib/my_topic_package\n'}
[0.725465] (my_topic_package) StdoutLine: {'line': b"writing list of installed files to '/home/asdf/ros/src/build/my_topic_package/install.log'\n"}
[0.748902] (my_topic_package) CommandEnded: {'returncode': 0}
[0.754856] (my_topic_package) JobEnded: {'identifier': 'my_topic_package', 'rc': 0}
[0.755305] (-) EventReactorShutdown: {}
