[0.462s] Invoking command in '/home/asdf/ros/src/my_topic_package': DEBUGINFOD_URLS=https://debuginfod.ubuntu.com PYTHONPATH=/home/asdf/ros/src/build/my_topic_package/prefix_override:/usr/lib/python3/dist-packages/colcon_core/task/python/colcon_distutils_commands:/home/asdf/ros/src/install/my_topic_package/lib/python3.12/site-packages: /usr/bin/python3 -W ignore:setup.py install is deprecated -W ignore:easy_install command is deprecated setup.py egg_info --egg-base ../build/my_topic_package build --build-base /home/asdf/ros/src/build/my_topic_package/build install --record /home/asdf/ros/src/build/my_topic_package/install.log --single-version-externally-managed install_data
[0.604s] running egg_info
[0.605s] creating ../build/my_topic_package/my_topic_package.egg-info
[0.614s] writing ../build/my_topic_package/my_topic_package.egg-info/PKG-INFO
[0.614s] writing dependency_links to ../build/my_topic_package/my_topic_package.egg-info/dependency_links.txt
[0.614s] writing entry points to ../build/my_topic_package/my_topic_package.egg-info/entry_points.txt
[0.614s] writing requirements to ../build/my_topic_package/my_topic_package.egg-info/requires.txt
[0.614s] writing top-level names to ../build/my_topic_package/my_topic_package.egg-info/top_level.txt
[0.614s] writing manifest file '../build/my_topic_package/my_topic_package.egg-info/SOURCES.txt'
[0.631s] reading manifest file '../build/my_topic_package/my_topic_package.egg-info/SOURCES.txt'
[0.632s] writing manifest file '../build/my_topic_package/my_topic_package.egg-info/SOURCES.txt'
[0.632s] running build
[0.632s] running build_py
[0.632s] creating /home/asdf/ros/src/build/my_topic_package/build
[0.632s] creating /home/asdf/ros/src/build/my_topic_package/build/lib
[0.632s] creating /home/asdf/ros/src/build/my_topic_package/build/lib/my_topic_package
[0.632s] copying my_topic_package/sub.py -> /home/asdf/ros/src/build/my_topic_package/build/lib/my_topic_package
[0.632s] copying my_topic_package/pub.py -> /home/asdf/ros/src/build/my_topic_package/build/lib/my_topic_package
[0.633s] copying my_topic_package/__init__.py -> /home/asdf/ros/src/build/my_topic_package/build/lib/my_topic_package
[0.633s] running install
[0.638s] running install_lib
[0.646s] creating /home/asdf/ros/src/install/my_topic_package/lib/python3.12/site-packages/my_topic_package
[0.646s] copying /home/asdf/ros/src/build/my_topic_package/build/lib/my_topic_package/sub.py -> /home/asdf/ros/src/install/my_topic_package/lib/python3.12/site-packages/my_topic_package
[0.646s] copying /home/asdf/ros/src/build/my_topic_package/build/lib/my_topic_package/pub.py -> /home/asdf/ros/src/install/my_topic_package/lib/python3.12/site-packages/my_topic_package
[0.646s] copying /home/asdf/ros/src/build/my_topic_package/build/lib/my_topic_package/__init__.py -> /home/asdf/ros/src/install/my_topic_package/lib/python3.12/site-packages/my_topic_package
[0.647s] byte-compiling /home/asdf/ros/src/install/my_topic_package/lib/python3.12/site-packages/my_topic_package/sub.py to sub.cpython-312.pyc
[0.647s] byte-compiling /home/asdf/ros/src/install/my_topic_package/lib/python3.12/site-packages/my_topic_package/pub.py to pub.cpython-312.pyc
[0.647s] byte-compiling /home/asdf/ros/src/install/my_topic_package/lib/python3.12/site-packages/my_topic_package/__init__.py to __init__.cpython-312.pyc
[0.648s] running install_data
[0.648s] creating /home/asdf/ros/src/install/my_topic_package/share/ament_index
[0.648s] creating /home/asdf/ros/src/install/my_topic_package/share/ament_index/resource_index
[0.648s] creating /home/asdf/ros/src/install/my_topic_package/share/ament_index/resource_index/packages
[0.648s] copying resource/my_topic_package -> /home/asdf/ros/src/install/my_topic_package/share/ament_index/resource_index/packages
[0.648s] copying package.xml -> /home/asdf/ros/src/install/my_topic_package/share/my_topic_package
[0.648s] running install_egg_info
[0.658s] Copying ../build/my_topic_package/my_topic_package.egg-info to /home/asdf/ros/src/install/my_topic_package/lib/python3.12/site-packages/my_topic_package-0.0.0-py3.12.egg-info
[0.658s] running install_scripts
[0.725s] Installing publisher script to /home/asdf/ros/src/install/my_topic_package/lib/my_topic_package
[0.725s] Installing subscriber script to /home/asdf/ros/src/install/my_topic_package/lib/my_topic_package
[0.725s] writing list of installed files to '/home/asdf/ros/src/build/my_topic_package/install.log'
[0.749s] Invoked command in '/home/asdf/ros/src/my_topic_package' returned '0': DEBUGINFOD_URLS=https://debuginfod.ubuntu.com PYTHONPATH=/home/asdf/ros/src/build/my_topic_package/prefix_override:/usr/lib/python3/dist-packages/colcon_core/task/python/colcon_distutils_commands:/home/asdf/ros/src/install/my_topic_package/lib/python3.12/site-packages: /usr/bin/python3 -W ignore:setup.py install is deprecated -W ignore:easy_install command is deprecated setup.py egg_info --egg-base ../build/my_topic_package build --build-base /home/asdf/ros/src/build/my_topic_package/build install --record /home/asdf/ros/src/build/my_topic_package/install.log --single-version-externally-managed install_data
