[0.000000] (-) TimerEvent: {}
[0.000190] (my_topic_package) JobQueued: {'identifier': 'my_topic_package', 'dependencies': OrderedDict()}
[0.000469] (my_topic_package) JobStarted: {'identifier': 'my_topic_package'}
[0.099991] (-) TimerEvent: {}
[0.200292] (-) TimerEvent: {}
[0.300504] (-) TimerEvent: {}
[0.400718] (-) TimerEvent: {}
[0.500937] (-) TimerEvent: {}
[0.601165] (-) TimerEvent: {}
[0.654070] (my_topic_package) Command: {'cmd': ['/usr/bin/python3', '-W', 'ignore:setup.py install is deprecated', '-W', 'ignore:easy_install command is deprecated', 'setup.py', 'egg_info', '--egg-base', '../../build/my_topic_package', 'build', '--build-base', '/home/asdf/ros/build/my_topic_package/build', 'install', '--record', '/home/asdf/ros/build/my_topic_package/install.log', '--single-version-externally-managed', 'install_data'], 'cwd': '/home/asdf/ros/src/my_topic_package', 'env': {'ATUIN_SESSION': '0196f62677db7653973b7f9da8e93935', 'USER': 'asdf', 'XDG_SESSION_TYPE': 'wayland', 'FZF_DEFAULT_OPTS': '--layout=reverse --info=inline', 'SHLVL': '1', 'HOME': '/home/asdf', 'TERMINFO': '/usr/lib/kitty/terminfo', 'OLDPWD': '/home/asdf/ros/src/my_topic_package', 'DESKTOP_SESSION': 'ubuntu', 'KITTY_INSTALLATION_DIR': '/usr/lib/kitty', 'GNOME_SHELL_SESSION_MODE': 'ubuntu', 'GTK_MODULES': 'gail:atk-bridge', 'KITTY_PID': '10698', 'MANAGERPID': '2318', 'SYSTEMD_EXEC_PID': '2767', 'GSM_SKIP_SSH_AGENT_WORKAROUND': 'true', 'DBUS_SESSION_BUS_ADDRESS': 'unix:path=/tmp/dbus-GK6G8LhGfJ,guid=d95f221ac8c542bbd60f6047682ea166', 'COLORTERM': 'truecolor', 'GIO_LAUNCHED_DESKTOP_FILE_PID': '10698', 'GNOME_KEYRING_CONTROL': '/run/user/1000/keyring', 'DEBUGINFOD_URLS': 'https://debuginfod.ubuntu.com', 'IM_CONFIG_PHASE': '1', 'WAYLAND_DISPLAY': 'wayland-0', 'ATUIN_PREEXEC_BACKEND': '1:bash-preexec', 'LOGNAME': 'asdf', 'JOURNAL_STREAM': '9:18246', '_': '/usr/bin/colcon', 'MEMORY_PRESSURE_WATCH': '/sys/fs/cgroup/user.slice/user-1000.slice/user@1000.service/session.slice/org.gnome.SettingsDaemon.MediaKeys.service/memory.pressure', 'XDG_SESSION_CLASS': 'user', 'COLORFGBG': 'default;default', 'ATUIN_HISTORY_ID': '0196f62fb7917521a05143d5a6228638', 'KITTY_PUBLIC_KEY': '1:?%4<g(QZuk@sriv0xRFxKfvAtJ@?Dsx#FRuZd!d`', 'USERNAME': 'asdf', 'TERM': 'xterm-256color', 'GNOME_DESKTOP_SESSION_ID': 'this-is-deprecated', 'HISTCONTROL': 'ignoredups', 'PATH': '/home/asdf/scripts:/home/asdf/.local/bin:/home/asdf/bin:/home/asdf/.cargo/bin:/home/asdf/.atuin/bin:/home/asdf/scripts:/home/asdf/.local/bin:/home/asdf/bin:/usr/local/sbin:/usr/local/bin:/usr/sbin:/usr/bin:/sbin:/bin:/usr/games:/usr/local/games:/snap/bin:/snap/bin:/var/lib/snapd/snap/bin:/var/lib/snapd/snap/bin', 'SESSION_MANAGER': 'local/asdf-HP-Laptop-14s-dy2xxx:@/tmp/.ICE-unix/2568,unix/asdf-HP-Laptop-14s-dy2xxx:/tmp/.ICE-unix/2568', '_ZO_ECHO': '1', 'INVOCATION_ID': '5fb1b713bd194e63bcfffae00eb02807', 'XDG_MENU_PREFIX': 'gnome-', '_ZO_DATA_DIR': '/home/asdf/zoxide', 'GNOME_SETUP_DISPLAY': ':1', 'XDG_RUNTIME_DIR': '/run/user/1000', 'DISPLAY': ':0', 'LANG': 'en_US.UTF-8', 'XDG_CURRENT_DESKTOP': 'ubuntu:GNOME', 'XMODIFIERS': '@im=ibus', 'XDG_SESSION_DESKTOP': 'ubuntu', 'XAUTHORITY': '/run/user/1000/.mutter-Xwaylandauth.5YWL62', 'SSH_AUTH_SOCK': '/run/user/1000/keyring/ssh', 'DBUS_SESSION_BUS_PID': '10715', 'SHELL': '/usr/bin/bash', 'QT_ACCESSIBILITY': '1', 'GDMSESSION': 'ubuntu', 'DBUS_SESSION_BUS_WINDOWID': '20971521', 'KITTY_WINDOW_ID': '1', 'CHEAT_DIR': '/home/my_cheat_sheets', 'QT_IM_MODULE': 'ibus', 'PWD': '/home/asdf/ros/build/my_topic_package', 'FZF_DEFAULT_COMMAND': 'ls -1', 'LC_ALL': 'en_US.UTF-8', 'XDG_CONFIG_DIRS': '/etc/xdg/xdg-ubuntu:/etc/xdg', 'XDG_DATA_DIRS': '/usr/share/ubuntu:/usr/share/gnome:/usr/local/share/:/usr/share/:/var/lib/snapd/desktop', 'FZF_DEFAULT_OPTS_FILE': '/home/asdf/.fzf-defaults', 'TZ': 'Asia/Kolkata', 'COLCON': '1', 'MEMORY_PRESSURE_WRITE': 'c29tZSAyMDAwMDAgMjAwMDAwMAA=', 'GTK_THEME': 'Adwaita:dark', 'PYTHONPATH': '/home/asdf/ros/build/my_topic_package/prefix_override:/usr/lib/python3/dist-packages/colcon_core/task/python/colcon_distutils_commands:/home/asdf/ros/install/my_topic_package/lib/python3.12/site-packages:'}, 'shell': False}
[0.701283] (-) TimerEvent: {}
[0.799532] (my_topic_package) StdoutLine: {'line': b'running egg_info\n'}
[0.799755] (my_topic_package) StdoutLine: {'line': b'creating ../../build/my_topic_package/my_topic_package.egg-info\n'}
[0.801348] (-) TimerEvent: {}
[0.808214] (my_topic_package) StdoutLine: {'line': b'writing ../../build/my_topic_package/my_topic_package.egg-info/PKG-INFO\n'}
[0.808426] (my_topic_package) StdoutLine: {'line': b'writing dependency_links to ../../build/my_topic_package/my_topic_package.egg-info/dependency_links.txt\n'}
[0.808585] (my_topic_package) StdoutLine: {'line': b'writing entry points to ../../build/my_topic_package/my_topic_package.egg-info/entry_points.txt\n'}
[0.808766] (my_topic_package) StdoutLine: {'line': b'writing requirements to ../../build/my_topic_package/my_topic_package.egg-info/requires.txt\n'}
[0.808880] (my_topic_package) StdoutLine: {'line': b'writing top-level names to ../../build/my_topic_package/my_topic_package.egg-info/top_level.txt\n'}
[0.808963] (my_topic_package) StdoutLine: {'line': b"writing manifest file '../../build/my_topic_package/my_topic_package.egg-info/SOURCES.txt'\n"}
[0.825998] (my_topic_package) StdoutLine: {'line': b"reading manifest file '../../build/my_topic_package/my_topic_package.egg-info/SOURCES.txt'\n"}
[0.826347] (my_topic_package) StdoutLine: {'line': b"writing manifest file '../../build/my_topic_package/my_topic_package.egg-info/SOURCES.txt'\n"}
[0.826489] (my_topic_package) StdoutLine: {'line': b'running build\n'}
[0.826573] (my_topic_package) StdoutLine: {'line': b'running build_py\n'}
[0.826650] (my_topic_package) StdoutLine: {'line': b'creating /home/asdf/ros/build/my_topic_package/build\n'}
[0.826733] (my_topic_package) StdoutLine: {'line': b'creating /home/asdf/ros/build/my_topic_package/build/lib\n'}
[0.826794] (my_topic_package) StdoutLine: {'line': b'creating /home/asdf/ros/build/my_topic_package/build/lib/my_topic_package\n'}
[0.826870] (my_topic_package) StdoutLine: {'line': b'copying my_topic_package/sub.py -> /home/asdf/ros/build/my_topic_package/build/lib/my_topic_package\n'}
[0.826942] (my_topic_package) StdoutLine: {'line': b'copying my_topic_package/pub.py -> /home/asdf/ros/build/my_topic_package/build/lib/my_topic_package\n'}
[0.827013] (my_topic_package) StdoutLine: {'line': b'copying my_topic_package/__init__.py -> /home/asdf/ros/build/my_topic_package/build/lib/my_topic_package\n'}
[0.827085] (my_topic_package) StdoutLine: {'line': b'running install\n'}
[0.831864] (my_topic_package) StdoutLine: {'line': b'running install_lib\n'}
[0.840385] (my_topic_package) StdoutLine: {'line': b'creating /home/asdf/ros/install/my_topic_package/lib/python3.12/site-packages/my_topic_package\n'}
[0.840490] (my_topic_package) StdoutLine: {'line': b'copying /home/asdf/ros/build/my_topic_package/build/lib/my_topic_package/sub.py -> /home/asdf/ros/install/my_topic_package/lib/python3.12/site-packages/my_topic_package\n'}
[0.840574] (my_topic_package) StdoutLine: {'line': b'copying /home/asdf/ros/build/my_topic_package/build/lib/my_topic_package/pub.py -> /home/asdf/ros/install/my_topic_package/lib/python3.12/site-packages/my_topic_package\n'}
[0.840660] (my_topic_package) StdoutLine: {'line': b'copying /home/asdf/ros/build/my_topic_package/build/lib/my_topic_package/__init__.py -> /home/asdf/ros/install/my_topic_package/lib/python3.12/site-packages/my_topic_package\n'}
[0.840846] (my_topic_package) StdoutLine: {'line': b'byte-compiling /home/asdf/ros/install/my_topic_package/lib/python3.12/site-packages/my_topic_package/sub.py to sub.cpython-312.pyc\n'}
[0.841233] (my_topic_package) StdoutLine: {'line': b'byte-compiling /home/asdf/ros/install/my_topic_package/lib/python3.12/site-packages/my_topic_package/pub.py to pub.cpython-312.pyc\n'}
[0.841552] (my_topic_package) StdoutLine: {'line': b'byte-compiling /home/asdf/ros/install/my_topic_package/lib/python3.12/site-packages/my_topic_package/__init__.py to __init__.cpython-312.pyc\n'}
[0.841721] (my_topic_package) StdoutLine: {'line': b'running install_data\n'}
[0.841843] (my_topic_package) StdoutLine: {'line': b'creating /home/asdf/ros/install/my_topic_package/share/ament_index\n'}
[0.841905] (my_topic_package) StdoutLine: {'line': b'creating /home/asdf/ros/install/my_topic_package/share/ament_index/resource_index\n'}
[0.841962] (my_topic_package) StdoutLine: {'line': b'creating /home/asdf/ros/install/my_topic_package/share/ament_index/resource_index/packages\n'}
[0.842035] (my_topic_package) StdoutLine: {'line': b'copying resource/my_topic_package -> /home/asdf/ros/install/my_topic_package/share/ament_index/resource_index/packages\n'}
[0.842112] (my_topic_package) StdoutLine: {'line': b'copying package.xml -> /home/asdf/ros/install/my_topic_package/share/my_topic_package\n'}
[0.842160] (my_topic_package) StdoutLine: {'line': b'running install_egg_info\n'}
[0.851438] (my_topic_package) StdoutLine: {'line': b'Copying ../../build/my_topic_package/my_topic_package.egg-info to /home/asdf/ros/install/my_topic_package/lib/python3.12/site-packages/my_topic_package-0.0.0-py3.12.egg-info\n'}
[0.851828] (my_topic_package) StdoutLine: {'line': b'running install_scripts\n'}
[0.901528] (-) TimerEvent: {}
[0.918508] (my_topic_package) StdoutLine: {'line': b'Installing publisher script to /home/asdf/ros/install/my_topic_package/lib/my_topic_package\n'}
[0.918680] (my_topic_package) StdoutLine: {'line': b'Installing subscriber script to /home/asdf/ros/install/my_topic_package/lib/my_topic_package\n'}
[0.918781] (my_topic_package) StdoutLine: {'line': b"writing list of installed files to '/home/asdf/ros/build/my_topic_package/install.log'\n"}
[0.942198] (my_topic_package) CommandEnded: {'returncode': 0}
[0.953879] (my_topic_package) JobEnded: {'identifier': 'my_topic_package', 'rc': 0}
[0.954449] (-) EventReactorShutdown: {}
