running egg_info
creating ../../build/my_topic_package/my_topic_package.egg-info
writing ../../build/my_topic_package/my_topic_package.egg-info/PKG-INFO
writing dependency_links to ../../build/my_topic_package/my_topic_package.egg-info/dependency_links.txt
writing entry points to ../../build/my_topic_package/my_topic_package.egg-info/entry_points.txt
writing requirements to ../../build/my_topic_package/my_topic_package.egg-info/requires.txt
writing top-level names to ../../build/my_topic_package/my_topic_package.egg-info/top_level.txt
writing manifest file '../../build/my_topic_package/my_topic_package.egg-info/SOURCES.txt'
reading manifest file '../../build/my_topic_package/my_topic_package.egg-info/SOURCES.txt'
writing manifest file '../../build/my_topic_package/my_topic_package.egg-info/SOURCES.txt'
running build
running build_py
creating /home/asdf/ros/build/my_topic_package/build
creating /home/asdf/ros/build/my_topic_package/build/lib
creating /home/asdf/ros/build/my_topic_package/build/lib/my_topic_package
copying my_topic_package/sub.py -> /home/asdf/ros/build/my_topic_package/build/lib/my_topic_package
copying my_topic_package/pub.py -> /home/asdf/ros/build/my_topic_package/build/lib/my_topic_package
copying my_topic_package/__init__.py -> /home/asdf/ros/build/my_topic_package/build/lib/my_topic_package
running install
running install_lib
creating /home/asdf/ros/install/my_topic_package/lib/python3.12/site-packages/my_topic_package
copying /home/asdf/ros/build/my_topic_package/build/lib/my_topic_package/sub.py -> /home/asdf/ros/install/my_topic_package/lib/python3.12/site-packages/my_topic_package
copying /home/asdf/ros/build/my_topic_package/build/lib/my_topic_package/pub.py -> /home/asdf/ros/install/my_topic_package/lib/python3.12/site-packages/my_topic_package
copying /home/asdf/ros/build/my_topic_package/build/lib/my_topic_package/__init__.py -> /home/asdf/ros/install/my_topic_package/lib/python3.12/site-packages/my_topic_package
byte-compiling /home/asdf/ros/install/my_topic_package/lib/python3.12/site-packages/my_topic_package/sub.py to sub.cpython-312.pyc
byte-compiling /home/asdf/ros/install/my_topic_package/lib/python3.12/site-packages/my_topic_package/pub.py to pub.cpython-312.pyc
byte-compiling /home/asdf/ros/install/my_topic_package/lib/python3.12/site-packages/my_topic_package/__init__.py to __init__.cpython-312.pyc
running install_data
creating /home/asdf/ros/install/my_topic_package/share/ament_index
creating /home/asdf/ros/install/my_topic_package/share/ament_index/resource_index
creating /home/asdf/ros/install/my_topic_package/share/ament_index/resource_index/packages
copying resource/my_topic_package -> /home/asdf/ros/install/my_topic_package/share/ament_index/resource_index/packages
copying package.xml -> /home/asdf/ros/install/my_topic_package/share/my_topic_package
running install_egg_info
Copying ../../build/my_topic_package/my_topic_package.egg-info to /home/asdf/ros/install/my_topic_package/lib/python3.12/site-packages/my_topic_package-0.0.0-py3.12.egg-info
running install_scripts
Installing publisher script to /home/asdf/ros/install/my_topic_package/lib/my_topic_package
Installing subscriber script to /home/asdf/ros/install/my_topic_package/lib/my_topic_package
writing list of installed files to '/home/asdf/ros/build/my_topic_package/install.log'
