[0.654s] Invoking command in '/home/asdf/ros/src/my_topic_package': DEBUGINFOD_URLS=https://debuginfod.ubuntu.com PYTHONPATH=/home/asdf/ros/build/my_topic_package/prefix_override:/usr/lib/python3/dist-packages/colcon_core/task/python/colcon_distutils_commands:/home/asdf/ros/install/my_topic_package/lib/python3.12/site-packages: /usr/bin/python3 -W ignore:setup.py install is deprecated -W ignore:easy_install command is deprecated setup.py egg_info --egg-base ../../build/my_topic_package build --build-base /home/asdf/ros/build/my_topic_package/build install --record /home/asdf/ros/build/my_topic_package/install.log --single-version-externally-managed install_data
[0.799s] running egg_info
[0.799s] creating ../../build/my_topic_package/my_topic_package.egg-info
[0.808s] writing ../../build/my_topic_package/my_topic_package.egg-info/PKG-INFO
[0.808s] writing dependency_links to ../../build/my_topic_package/my_topic_package.egg-info/dependency_links.txt
[0.808s] writing entry points to ../../build/my_topic_package/my_topic_package.egg-info/entry_points.txt
[0.808s] writing requirements to ../../build/my_topic_package/my_topic_package.egg-info/requires.txt
[0.808s] writing top-level names to ../../build/my_topic_package/my_topic_package.egg-info/top_level.txt
[0.809s] writing manifest file '../../build/my_topic_package/my_topic_package.egg-info/SOURCES.txt'
[0.826s] reading manifest file '../../build/my_topic_package/my_topic_package.egg-info/SOURCES.txt'
[0.826s] writing manifest file '../../build/my_topic_package/my_topic_package.egg-info/SOURCES.txt'
[0.826s] running build
[0.826s] running build_py
[0.826s] creating /home/asdf/ros/build/my_topic_package/build
[0.826s] creating /home/asdf/ros/build/my_topic_package/build/lib
[0.826s] creating /home/asdf/ros/build/my_topic_package/build/lib/my_topic_package
[0.826s] copying my_topic_package/sub.py -> /home/asdf/ros/build/my_topic_package/build/lib/my_topic_package
[0.827s] copying my_topic_package/pub.py -> /home/asdf/ros/build/my_topic_package/build/lib/my_topic_package
[0.827s] copying my_topic_package/__init__.py -> /home/asdf/ros/build/my_topic_package/build/lib/my_topic_package
[0.827s] running install
[0.831s] running install_lib
[0.840s] creating /home/asdf/ros/install/my_topic_package/lib/python3.12/site-packages/my_topic_package
[0.840s] copying /home/asdf/ros/build/my_topic_package/build/lib/my_topic_package/sub.py -> /home/asdf/ros/install/my_topic_package/lib/python3.12/site-packages/my_topic_package
[0.840s] copying /home/asdf/ros/build/my_topic_package/build/lib/my_topic_package/pub.py -> /home/asdf/ros/install/my_topic_package/lib/python3.12/site-packages/my_topic_package
[0.840s] copying /home/asdf/ros/build/my_topic_package/build/lib/my_topic_package/__init__.py -> /home/asdf/ros/install/my_topic_package/lib/python3.12/site-packages/my_topic_package
[0.840s] byte-compiling /home/asdf/ros/install/my_topic_package/lib/python3.12/site-packages/my_topic_package/sub.py to sub.cpython-312.pyc
[0.841s] byte-compiling /home/asdf/ros/install/my_topic_package/lib/python3.12/site-packages/my_topic_package/pub.py to pub.cpython-312.pyc
[0.841s] byte-compiling /home/asdf/ros/install/my_topic_package/lib/python3.12/site-packages/my_topic_package/__init__.py to __init__.cpython-312.pyc
[0.841s] running install_data
[0.841s] creating /home/asdf/ros/install/my_topic_package/share/ament_index
[0.841s] creating /home/asdf/ros/install/my_topic_package/share/ament_index/resource_index
[0.842s] creating /home/asdf/ros/install/my_topic_package/share/ament_index/resource_index/packages
[0.842s] copying resource/my_topic_package -> /home/asdf/ros/install/my_topic_package/share/ament_index/resource_index/packages
[0.842s] copying package.xml -> /home/asdf/ros/install/my_topic_package/share/my_topic_package
[0.842s] running install_egg_info
[0.851s] Copying ../../build/my_topic_package/my_topic_package.egg-info to /home/asdf/ros/install/my_topic_package/lib/python3.12/site-packages/my_topic_package-0.0.0-py3.12.egg-info
[0.851s] running install_scripts
[0.918s] Installing publisher script to /home/asdf/ros/install/my_topic_package/lib/my_topic_package
[0.918s] Installing subscriber script to /home/asdf/ros/install/my_topic_package/lib/my_topic_package
[0.918s] writing list of installed files to '/home/asdf/ros/build/my_topic_package/install.log'
[0.942s] Invoked command in '/home/asdf/ros/src/my_topic_package' returned '0': DEBUGINFOD_URLS=https://debuginfod.ubuntu.com PYTHONPATH=/home/asdf/ros/build/my_topic_package/prefix_override:/usr/lib/python3/dist-packages/colcon_core/task/python/colcon_distutils_commands:/home/asdf/ros/install/my_topic_package/lib/python3.12/site-packages: /usr/bin/python3 -W ignore:setup.py install is deprecated -W ignore:easy_install command is deprecated setup.py egg_info --egg-base ../../build/my_topic_package build --build-base /home/asdf/ros/build/my_topic_package/build install --record /home/asdf/ros/build/my_topic_package/install.log --single-version-externally-managed install_data
