[0.625s] Invoking command in '/home/asdf/ros/src/first_package': DEBUGINFOD_URLS=https://debuginfod.ubuntu.com PYTHONPATH=/home/asdf/ros/build/first_package/prefix_override:/usr/lib/python3/dist-packages/colcon_core/task/python/colcon_distutils_commands:/home/asdf/ros/install/first_package/lib/python3.12/site-packages:${PYTHONPATH} /usr/bin/python3 -W ignore:setup.py install is deprecated -W ignore:easy_install command is deprecated setup.py egg_info --egg-base ../../build/first_package build --build-base /home/asdf/ros/build/first_package/build install --record /home/asdf/ros/build/first_package/install.log --single-version-externally-managed install_data
[0.817s] running egg_info
[0.817s] creating ../../build/first_package/first_package.egg-info
[0.831s] writing ../../build/first_package/first_package.egg-info/PKG-INFO
[0.831s] writing dependency_links to ../../build/first_package/first_package.egg-info/dependency_links.txt
[0.832s] writing requirements to ../../build/first_package/first_package.egg-info/requires.txt
[0.832s] writing top-level names to ../../build/first_package/first_package.egg-info/top_level.txt
[0.832s] writing manifest file '../../build/first_package/first_package.egg-info/SOURCES.txt'
[0.860s] reading manifest file '../../build/first_package/first_package.egg-info/SOURCES.txt'
[0.860s] writing manifest file '../../build/first_package/first_package.egg-info/SOURCES.txt'
[0.861s] running build
[0.861s] running build_py
[0.861s] creating /home/asdf/ros/build/first_package/build
[0.861s] creating /home/asdf/ros/build/first_package/build/lib
[0.861s] creating /home/asdf/ros/build/first_package/build/lib/first_package
[0.861s] copying first_package/__init__.py -> /home/asdf/ros/build/first_package/build/lib/first_package
[0.861s] running install
[0.866s] running install_lib
[0.881s] creating /home/asdf/ros/install/first_package/lib/python3.12/site-packages/first_package
[0.881s] copying /home/asdf/ros/build/first_package/build/lib/first_package/__init__.py -> /home/asdf/ros/install/first_package/lib/python3.12/site-packages/first_package
[0.881s] byte-compiling /home/asdf/ros/install/first_package/lib/python3.12/site-packages/first_package/__init__.py to __init__.cpython-312.pyc
[0.882s] running install_data
[0.882s] creating /home/asdf/ros/install/first_package/share/ament_index
[0.882s] creating /home/asdf/ros/install/first_package/share/ament_index/resource_index
[0.882s] creating /home/asdf/ros/install/first_package/share/ament_index/resource_index/packages
[0.882s] copying resource/first_package -> /home/asdf/ros/install/first_package/share/ament_index/resource_index/packages
[0.882s] copying package.xml -> /home/asdf/ros/install/first_package/share/first_package
[0.882s] running install_egg_info
[0.898s] Copying ../../build/first_package/first_package.egg-info to /home/asdf/ros/install/first_package/lib/python3.12/site-packages/first_package-0.0.0-py3.12.egg-info
[0.898s] running install_scripts
[0.993s] writing list of installed files to '/home/asdf/ros/build/first_package/install.log'
[1.020s] Invoked command in '/home/asdf/ros/src/first_package' returned '0': DEBUGINFOD_URLS=https://debuginfod.ubuntu.com PYTHONPATH=/home/asdf/ros/build/first_package/prefix_override:/usr/lib/python3/dist-packages/colcon_core/task/python/colcon_distutils_commands:/home/asdf/ros/install/first_package/lib/python3.12/site-packages:${PYTHONPATH} /usr/bin/python3 -W ignore:setup.py install is deprecated -W ignore:easy_install command is deprecated setup.py egg_info --egg-base ../../build/first_package build --build-base /home/asdf/ros/build/first_package/build install --record /home/asdf/ros/build/first_package/install.log --single-version-externally-managed install_data
